[INFO ] 2023-09-11 10:33:56,462 PageWebDriver:30.setUp()  - Путь до драйвера
[INFO ] 2023-09-11 10:33:56,465 PageWebDriver:32.setUp()  - Иницилизация драйвера
[INFO ] 2023-09-11 10:33:58,918 PageWebDriver:42.setUp()  - Тайминг в 5 секунд
[INFO ] 2023-09-11 10:33:58,926 PageWebDriver:44.setUp()  - Получение URL
[INFO ] 2023-09-11 10:34:01,657 PageFunction:70.modalClosing()  - Если [[ChromeDriver: chrome on windows (8ffdfc579dc0aa92f0591a0c65afb7f1)] -> css selector: .modal-city-selection__closing] отображается, выполнить: 
[INFO ] 2023-09-11 10:34:01,680 PageHomeLeomax:137.modalClosing()  - Закрыть элемент
[INFO ] 2023-09-11 10:34:04,803 PageFunction:70.modalClosing()  - Если [[ChromeDriver: chrome on windows (8ffdfc579dc0aa92f0591a0c65afb7f1)] -> css selector: .modal-city-selection__closing] отображается, выполнить: 
[INFO ] 2023-09-11 10:34:04,820 PageHomeLeomax:127.topBanner()  - Клик на Баннер
[INFO ] 2023-09-11 10:34:06,914 PageHomeLeomax:132.textCatalog()  - Получаем текст элемента: Шопинг без ндс
[ERROR] 2023-09-11 10:34:06,924 LeomaxTest:40.stage02_topBanner()  - Проверка фактического текста с ожидаемым:  Тренды осени 2023. Оверсайз = Шопинг без ндс
[INFO ] 2023-09-11 10:34:06,941 PageHomeLeomax:132.textCatalog()  - Получаем текст элемента: Шопинг без ндс
[INFO ] 2023-09-11 10:34:06,970 PageFunction:70.modalClosing()  - Если [[ChromeDriver: chrome on windows (8ffdfc579dc0aa92f0591a0c65afb7f1)] -> css selector: .modal-city-selection__closing] отображается, выполнить: 
[INFO ] 2023-09-11 10:34:06,982 PageHomeLeomax:153.actionLink()  - Клик по элементу
[INFO ] 2023-09-11 10:34:09,095 PageHomeLeomax:148.headerLogo()  - Клик по элементу
[INFO ] 2023-09-11 10:34:09,956 PageFunction:70.modalClosing()  - Если [[ChromeDriver: chrome on windows (8ffdfc579dc0aa92f0591a0c65afb7f1)] -> css selector: .modal-city-selection__closing] отображается, выполнить: 
[INFO ] 2023-09-11 10:34:09,971 PageHomeLeomax:159.linkToBrands()  - Клик по элементу
[INFO ] 2023-09-11 10:34:11,165 PageHomeLeomax:148.headerLogo()  - Клик по элементу
[INFO ] 2023-09-11 10:34:12,101 PageFunction:70.modalClosing()  - Если [[ChromeDriver: chrome on windows (8ffdfc579dc0aa92f0591a0c65afb7f1)] -> css selector: .modal-city-selection__closing] отображается, выполнить: 
[INFO ] 2023-09-11 10:34:12,115 PageHomeLeomax:165.liveBroadcast()  - Клик по элементу
[INFO ] 2023-09-11 10:34:59,321 PageHomeLeomax:148.headerLogo()  - Клик по элементу
[INFO ] 2023-09-11 10:35:01,478 PageFunction:70.modalClosing()  - Если [[ChromeDriver: chrome on windows (8ffdfc579dc0aa92f0591a0c65afb7f1)] -> css selector: .modal-city-selection__closing] отображается, выполнить: 
[INFO ] 2023-09-11 10:35:01,493 PageHomeLeomax:171.productsFromAdvertising()  - Клик по элементу
[INFO ] 2023-09-11 10:35:03,932 PageHomeLeomax:148.headerLogo()  - Клик по элементу
[INFO ] 2023-09-11 10:35:07,133 PageFunction:70.modalClosing()  - Если [[ChromeDriver: chrome on windows (8ffdfc579dc0aa92f0591a0c65afb7f1)] -> css selector: .modal-city-selection__closing] отображается, выполнить: 
[INFO ] 2023-09-11 10:35:07,784 PageHomeLeomax:177.linkLiquidation()  - Клик по элементу
[INFO ] 2023-09-11 10:35:10,903 PageHomeLeomax:148.headerLogo()  - Клик по элементу
[INFO ] 2023-09-11 10:35:13,386 PageHomeLeomax:183.loginLink()  - Клик по элементу
[INFO ] 2023-09-11 10:35:13,436 PageFunction:54.refresh()  - Перезагрузка страницы 
[INFO ] 2023-09-11 10:35:15,710 PageFunction:70.modalClosing()  - Если [[ChromeDriver: chrome on windows (8ffdfc579dc0aa92f0591a0c65afb7f1)] -> css selector: .modal-city-selection__closing] отображается, выполнить: 
[INFO ] 2023-09-11 10:35:15,720 PageHomeLeomax:188.clickFavourites()  - Клик по элементу
[INFO ] 2023-09-11 10:35:17,259 PageHomeLeomax:148.headerLogo()  - Клик по элементу
[INFO ] 2023-09-11 10:35:18,636 PageFunction:70.modalClosing()  - Если [[ChromeDriver: chrome on windows (8ffdfc579dc0aa92f0591a0c65afb7f1)] -> css selector: .modal-city-selection__closing] отображается, выполнить: 
[INFO ] 2023-09-11 10:35:18,649 PageHomeLeomax:194.linkBasket()  - Клик по элементу
[INFO ] 2023-09-11 10:35:20,247 PageHomeLeomax:148.headerLogo()  - Клик по элементу
[INFO ] 2023-09-11 10:35:21,736 PageFunction:70.modalClosing()  - Если [[ChromeDriver: chrome on windows (8ffdfc579dc0aa92f0591a0c65afb7f1)] -> css selector: .modal-city-selection__closing] отображается, выполнить: 
[INFO ] 2023-09-11 10:35:21,752 PageHomeLeomax:200.searchInput()  - Вносим текст: Жидкая резина в поле
[INFO ] 2023-09-11 10:35:21,827 PageHomeLeomax:211.searchButton()  - Клик по элементу
[INFO ] 2023-09-11 10:35:24,911 PageHomeLeomax:206.textSearch()  - Получаем текст элемента: Жидкая резина "Фикс Про 3 в 1"
[ERROR] 2023-09-11 10:35:24,927 LeomaxTest:128.stage11_searchGroup()  - Проверка фактического текста с ожидаемым:  Жидкая резина "Фикс Про 3 в 1" = Жидкая резина "Фикс Про 3 в 1"
[INFO ] 2023-09-11 10:35:24,938 PageHomeLeomax:206.textSearch()  - Получаем текст элемента: Жидкая резина "Фикс Про 3 в 1"
[INFO ] 2023-09-11 10:35:24,950 PageHomeLeomax:148.headerLogo()  - Клик по элементу
[INFO ] 2023-09-11 10:35:27,088 PageHomeLeomax:216.containerCity()  - Клик по элементу
[INFO ] 2023-09-11 10:35:27,198 PageHomeLeomax:221.modalText()  - Получаем текст элемента: Ваш регион
[ERROR] 2023-09-11 10:35:27,209 LeomaxTest:141.stage12_containerCity()  - Проверка фактического текста с ожидаемым:  Ваш регион = Ваш регион
[INFO ] 2023-09-11 10:35:27,219 PageHomeLeomax:221.modalText()  - Получаем текст элемента: Ваш регион
[INFO ] 2023-09-11 10:35:27,248 PageHomeLeomax:216.containerCity()  - Клик по элементу
[INFO ] 2023-09-11 10:35:27,297 PageFunction:70.modalClosing()  - Если [[ChromeDriver: chrome on windows (8ffdfc579dc0aa92f0591a0c65afb7f1)] -> css selector: .modal-city-selection__closing] отображается, выполнить: 
[INFO ] 2023-09-11 10:35:27,317 PageHomeLeomax:137.modalClosing()  - Закрыть элемент
[INFO ] 2023-09-11 10:35:30,365 PageHomeLeomax:232.slickDotsOne()  - Клик по элементу
[INFO ] 2023-09-11 10:35:30,414 PageHomeLeomax:238.slickDotsTwo()  - Клик по элементу
[INFO ] 2023-09-11 10:35:30,451 PageHomeLeomax:244.slickDotsThree()  - Клик по элементу
[INFO ] 2023-09-11 10:35:30,499 PageHomeLeomax:250.slickDotsFour()  - Клик по элементу
[INFO ] 2023-09-11 10:35:30,546 PageHomeLeomax:256.slickDotsFive()  - Клик по элементу
[INFO ] 2023-09-11 10:35:30,578 PageHomeLeomax:262.slickDotsSix()  - Клик по элементу
[INFO ] 2023-09-11 10:35:30,608 PageHomeLeomax:148.headerLogo()  - Клик по элементу
[INFO ] 2023-09-11 10:35:33,063 PageFunction:70.modalClosing()  - Если [[ChromeDriver: chrome on windows (8ffdfc579dc0aa92f0591a0c65afb7f1)] -> css selector: .modal-city-selection__closing] отображается, выполнить: 
[INFO ] 2023-09-11 10:35:33,076 PageHomeLeomax:277.slickDotsRightOne()  - Клик по элементу
[INFO ] 2023-09-11 10:35:33,114 PageHomeLeomax:289.linkViewAll()  - Клик по элементу
[INFO ] 2023-09-11 10:35:33,150 PageHomeLeomax:301.goodListLeftSwiper()  - Клик по элементу
[INFO ] 2023-09-11 10:35:33,712 PageHomeLeomax:307.actionBannersOne()  - Клик по элементу
[INFO ] 2023-09-11 10:35:38,877 PageHomeLeomax:132.textCatalog()  - Получаем текст элемента: Здоровое питание
[INFO ] 2023-09-11 10:35:38,893 PageHomeLeomax:132.textCatalog()  - Получаем текст элемента: Здоровое питание
[ERROR] 2023-09-11 10:35:38,901 LeomaxTest:203.stage18_actionBannersOne()  - Проверка фактического текста с ожидаемым:  Здоровое питание = Здоровое питание
[INFO ] 2023-09-11 10:35:38,908 PageHomeLeomax:132.textCatalog()  - Получаем текст элемента: Здоровое питание
[INFO ] 2023-09-11 10:35:38,916 PageHomeLeomax:148.headerLogo()  - Клик по элементу
[INFO ] 2023-09-11 10:35:41,082 PageHomeLeomax:313.actionBannersTwo()  - Клик по элементу
[INFO ] 2023-09-11 10:35:43,244 PageHomeLeomax:132.textCatalog()  - Получаем текст элемента: Косметика и уход
[INFO ] 2023-09-11 10:35:43,260 PageHomeLeomax:132.textCatalog()  - Получаем текст элемента: Косметика и уход
[ERROR] 2023-09-11 10:35:43,269 LeomaxTest:218.stage19_actionBannerTwo()  - Проверка фактического текста с ожидаемым:  Косметика и уход = Косметика и уход
[INFO ] 2023-09-11 10:35:43,279 PageHomeLeomax:132.textCatalog()  - Получаем текст элемента: Косметика и уход
[INFO ] 2023-09-11 10:35:43,288 PageHomeLeomax:148.headerLogo()  - Клик по элементу
[INFO ] 2023-09-11 10:35:44,253 PageFunction:70.modalClosing()  - Если [[ChromeDriver: chrome on windows (8ffdfc579dc0aa92f0591a0c65afb7f1)] -> css selector: .modal-city-selection__closing] отображается, выполнить: 
[INFO ] 2023-09-11 10:35:44,267 PageHomeLeomax:142.catalogButton()  - Клик по элементу
[INFO ] 2023-09-11 10:35:44,324 PageHomeLeomax:319.catalogMenuWoman()  - Клик по элементу
[INFO ] 2023-09-11 10:35:47,072 PageHomeLeomax:325.womenJacketsCatalog()  - Клик по элементу
[INFO ] 2023-09-11 10:35:49,997 PageHomeLeomax:132.textCatalog()  - Получаем текст элемента: Куртки женские
[INFO ] 2023-09-11 10:35:50,014 PageHomeLeomax:132.textCatalog()  - Получаем текст элемента: Куртки женские
[ERROR] 2023-09-11 10:35:50,022 LeomaxTest:232.stage20_catalogMenuWomenClothing()  - Проверка фактического текста с ожидаемым:  Куртки женские = Куртки женские
[INFO ] 2023-09-11 10:35:50,029 PageHomeLeomax:132.textCatalog()  - Получаем текст элемента: Куртки женские
[INFO ] 2023-09-11 10:35:50,037 PageHomeLeomax:148.headerLogo()  - Клик по элементу
[INFO ] 2023-09-11 10:35:51,466 PageFunction:70.modalClosing()  - Если [[ChromeDriver: chrome on windows (8ffdfc579dc0aa92f0591a0c65afb7f1)] -> css selector: .modal-city-selection__closing] отображается, выполнить: 
[INFO ] 2023-09-11 10:35:51,477 PageHomeLeomax:142.catalogButton()  - Клик по элементу
[INFO ] 2023-09-11 10:35:51,515 PageHomeLeomax:319.catalogMenuWoman()  - Клик по элементу
[INFO ] 2023-09-11 10:35:53,164 PageHomeLeomax:331.outerwearCatalog()  - Клик по элементу
[INFO ] 2023-09-11 10:35:55,317 PageHomeLeomax:132.textCatalog()  - Получаем текст элемента: Верхняя одежда
[INFO ] 2023-09-11 10:35:55,336 PageHomeLeomax:132.textCatalog()  - Получаем текст элемента: Верхняя одежда
[ERROR] 2023-09-11 10:35:55,345 LeomaxTest:247.stage21_outerwearCatalog()  - Проверка фактического текста с ожидаемым:  Верхняя одежда = Верхняя одежда
[INFO ] 2023-09-11 10:35:55,354 PageHomeLeomax:132.textCatalog()  - Получаем текст элемента: Верхняя одежда
[INFO ] 2023-09-11 10:35:55,387 PageHomeLeomax:148.headerLogo()  - Клик по элементу
[INFO ] 2023-09-11 10:35:56,537 PageFunction:70.modalClosing()  - Если [[ChromeDriver: chrome on windows (8ffdfc579dc0aa92f0591a0c65afb7f1)] -> css selector: .modal-city-selection__closing] отображается, выполнить: 
[INFO ] 2023-09-11 10:35:56,549 PageHomeLeomax:142.catalogButton()  - Клик по элементу
[INFO ] 2023-09-11 10:35:56,593 PageHomeLeomax:319.catalogMenuWoman()  - Клик по элементу
[INFO ] 2023-09-11 10:35:57,911 PageHomeLeomax:337.blousesAndTunics()  - Клик по элементу
[INFO ] 2023-09-11 10:36:00,704 PageHomeLeomax:132.textCatalog()  - Получаем текст элемента: Блузы и туники
[INFO ] 2023-09-11 10:36:00,756 PageHomeLeomax:132.textCatalog()  - Получаем текст элемента: Блузы и туники
[ERROR] 2023-09-11 10:36:00,764 LeomaxTest:262.stage22_blousesAndTunics()  - Проверка фактического текста с ожидаемым:  Блузы и туники = Блузы и туники
[INFO ] 2023-09-11 10:36:00,775 PageHomeLeomax:132.textCatalog()  - Получаем текст элемента: Блузы и туники
[INFO ] 2023-09-11 10:36:00,785 PageHomeLeomax:148.headerLogo()  - Клик по элементу
[INFO ] 2023-09-11 10:36:01,767 PageFunction:70.modalClosing()  - Если [[ChromeDriver: chrome on windows (8ffdfc579dc0aa92f0591a0c65afb7f1)] -> css selector: .modal-city-selection__closing] отображается, выполнить: 
[INFO ] 2023-09-11 10:36:01,780 PageHomeLeomax:142.catalogButton()  - Клик по элементу
[INFO ] 2023-09-11 10:36:01,844 PageHomeLeomax:319.catalogMenuWoman()  - Клик по элементу
[INFO ] 2023-09-11 10:36:03,588 PageHomeLeomax:349.buttonShowAll()  - Клик по элементу
[INFO ] 2023-09-11 10:36:03,663 PageHomeLeomax:343.dresses()  - Клик по элементу
[INFO ] 2023-09-11 10:36:06,084 PageHomeLeomax:132.textCatalog()  - Получаем текст элемента: Модные платья 2023
[INFO ] 2023-09-11 10:36:06,110 PageHomeLeomax:132.textCatalog()  - Получаем текст элемента: Модные платья 2023
[ERROR] 2023-09-11 10:36:06,140 LeomaxTest:276.stage23_dresses()  - Проверка фактического текста с ожидаемым:  Модные платья 2023 = Модные платья 2023
[INFO ] 2023-09-11 10:36:06,151 PageHomeLeomax:132.textCatalog()  - Получаем текст элемента: Модные платья 2023
[INFO ] 2023-09-11 10:36:06,177 PageHomeLeomax:148.headerLogo()  - Клик по элементу
[INFO ] 2023-09-11 10:36:07,394 PageFunction:70.modalClosing()  - Если [[ChromeDriver: chrome on windows (8ffdfc579dc0aa92f0591a0c65afb7f1)] -> css selector: .modal-city-selection__closing] отображается, выполнить: 
[INFO ] 2023-09-11 10:36:07,407 PageHomeLeomax:142.catalogButton()  - Клик по элементу
[INFO ] 2023-09-11 10:36:07,449 PageHomeLeomax:319.catalogMenuWoman()  - Клик по элементу
[INFO ] 2023-09-11 10:36:09,052 PageHomeLeomax:349.buttonShowAll()  - Клик по элементу
[INFO ] 2023-09-11 10:36:09,164 PageHomeLeomax:355.womenTrousers()  - Клик по элементу
[INFO ] 2023-09-11 10:36:11,134 PageHomeLeomax:132.textCatalog()  - Получаем текст элемента: Брюки женские
[INFO ] 2023-09-11 10:36:11,153 PageHomeLeomax:132.textCatalog()  - Получаем текст элемента: Брюки женские
[ERROR] 2023-09-11 10:36:11,163 LeomaxTest:290.stage24_womenTrousers()  - Проверка фактического текста с ожидаемым:  Брюки женские = Брюки женские
[INFO ] 2023-09-11 10:36:11,196 PageHomeLeomax:132.textCatalog()  - Получаем текст элемента: Брюки женские
[INFO ] 2023-09-11 10:36:11,206 PageHomeLeomax:148.headerLogo()  - Клик по элементу
[INFO ] 2023-09-11 10:36:12,549 PageFunction:70.modalClosing()  - Если [[ChromeDriver: chrome on windows (8ffdfc579dc0aa92f0591a0c65afb7f1)] -> css selector: .modal-city-selection__closing] отображается, выполнить: 
[INFO ] 2023-09-11 10:36:12,564 PageHomeLeomax:142.catalogButton()  - Клик по элементу
[INFO ] 2023-09-11 10:36:12,609 PageHomeLeomax:319.catalogMenuWoman()  - Клик по элементу
[INFO ] 2023-09-11 10:36:14,515 PageHomeLeomax:349.buttonShowAll()  - Клик по элементу
[INFO ] 2023-09-11 10:36:14,593 PageHomeLeomax:361.thermalUnderwear()  - Клик по элементу
[INFO ] 2023-09-11 10:36:16,689 PageHomeLeomax:132.textCatalog()  - Получаем текст элемента: Термобелье
[INFO ] 2023-09-11 10:36:16,706 PageHomeLeomax:132.textCatalog()  - Получаем текст элемента: Термобелье
[ERROR] 2023-09-11 10:36:16,716 LeomaxTest:304.stage25_thermalUnderwear()  - Проверка фактического текста с ожидаемым:  Термобелье = Термобелье
[INFO ] 2023-09-11 10:36:16,725 PageHomeLeomax:132.textCatalog()  - Получаем текст элемента: Термобелье
[INFO ] 2023-09-11 10:36:16,736 PageHomeLeomax:148.headerLogo()  - Клик по элементу
[INFO ] 2023-09-11 10:36:18,176 PageFunction:70.modalClosing()  - Если [[ChromeDriver: chrome on windows (8ffdfc579dc0aa92f0591a0c65afb7f1)] -> css selector: .modal-city-selection__closing] отображается, выполнить: 
[INFO ] 2023-09-11 10:36:18,192 PageHomeLeomax:142.catalogButton()  - Клик по элементу
[INFO ] 2023-09-11 10:36:18,246 PageHomeLeomax:319.catalogMenuWoman()  - Клик по элементу
[INFO ] 2023-09-11 10:36:20,240 PageHomeLeomax:349.buttonShowAll()  - Клик по элементу
[INFO ] 2023-09-11 10:36:20,329 PageFunction:81.actionClickOrPerform()  - Переход: [[ChromeDriver: chrome on windows (8ffdfc579dc0aa92f0591a0c65afb7f1)] -> xpath: //a[text()=' Леггинсы    ']]
[INFO ] 2023-09-11 10:36:20,475 PageHomeLeomax:367.leggings()  - Клик по элементу
[INFO ] 2023-09-11 10:36:22,285 PageHomeLeomax:132.textCatalog()  - Получаем текст элемента: Леггинсы
[INFO ] 2023-09-11 10:36:22,305 PageHomeLeomax:132.textCatalog()  - Получаем текст элемента: Леггинсы
[ERROR] 2023-09-11 10:36:22,313 LeomaxTest:320.stage26_leggings()  - Проверка фактического текста с ожидаемым:  Леггинсы = Леггинсы
[INFO ] 2023-09-11 10:36:22,320 PageHomeLeomax:132.textCatalog()  - Получаем текст элемента: Леггинсы
[INFO ] 2023-09-11 10:36:22,330 PageHomeLeomax:148.headerLogo()  - Клик по элементу
[INFO ] 2023-09-11 10:36:23,466 PageFunction:70.modalClosing()  - Если [[ChromeDriver: chrome on windows (8ffdfc579dc0aa92f0591a0c65afb7f1)] -> css selector: .modal-city-selection__closing] отображается, выполнить: 
[INFO ] 2023-09-11 10:36:23,480 PageHomeLeomax:142.catalogButton()  - Клик по элементу
[INFO ] 2023-09-11 10:36:23,631 PageFunction:81.actionClickOrPerform()  - Переход: [[ChromeDriver: chrome on windows (8ffdfc579dc0aa92f0591a0c65afb7f1)] -> css selector: .menu-desktop__col-level-1 li.menu-desktop__item:nth-of-type(2)]
[INFO ] 2023-09-11 10:36:23,788 PageHomeLeomax:373.menJacketsCatalog()  - Клик по элементу
[INFO ] 2023-09-11 10:36:24,864 PageHomeLeomax:132.textCatalog()  - Получаем текст элемента: Мужские куртки
[INFO ] 2023-09-11 10:36:24,881 PageHomeLeomax:132.textCatalog()  - Получаем текст элемента: Мужские куртки
[ERROR] 2023-09-11 10:36:24,892 LeomaxTest:336.stage27_catalogMenuMenClothing()  - Проверка фактического текста с ожидаемым:  Мужские куртки = Мужские куртки
[INFO ] 2023-09-11 10:36:24,920 PageHomeLeomax:132.textCatalog()  - Получаем текст элемента: Мужские куртки
[INFO ] 2023-09-11 10:36:24,940 PageHomeLeomax:148.headerLogo()  - Клик по элементу
[INFO ] 2023-09-11 10:36:26,058 PageFunction:70.modalClosing()  - Если [[ChromeDriver: chrome on windows (8ffdfc579dc0aa92f0591a0c65afb7f1)] -> css selector: .modal-city-selection__closing] отображается, выполнить: 
[INFO ] 2023-09-11 10:36:26,066 PageHomeLeomax:142.catalogButton()  - Клик по элементу
[INFO ] 2023-09-11 10:36:26,127 PageFunction:81.actionClickOrPerform()  - Переход: [[ChromeDriver: chrome on windows (8ffdfc579dc0aa92f0591a0c65afb7f1)] -> css selector: .menu-desktop__col-level-1 li.menu-desktop__item:nth-of-type(5)]
[INFO ] 2023-09-11 10:36:26,329 PageFunction:84.actionClickOrPerform()  - Переход: [[ChromeDriver: chrome on windows (8ffdfc579dc0aa92f0591a0c65afb7f1)] -> xpath: //a[text()='Хобби и аксессуары']]
[INFO ] 2023-09-11 10:36:26,529 PageHomeLeomax:379.hobbiesAndAccessories()  - Клик по элементу
[INFO ] 2023-09-11 10:36:28,173 PageHomeLeomax:132.textCatalog()  - Получаем текст элемента: Хобби и аксессуары
[INFO ] 2023-09-11 10:36:28,189 PageHomeLeomax:132.textCatalog()  - Получаем текст элемента: Хобби и аксессуары
[ERROR] 2023-09-11 10:36:28,196 LeomaxTest:353.stage28_householdGoods()  - Проверка фактического текста с ожидаемым:  Хобби и аксессуары = Хобби и аксессуары
[INFO ] 2023-09-11 10:36:28,204 PageHomeLeomax:132.textCatalog()  - Получаем текст элемента: Хобби и аксессуары
[INFO ] 2023-09-11 10:36:28,212 PageHomeLeomax:148.headerLogo()  - Клик по элементу
[INFO ] 2023-09-11 10:36:29,333 PageFunction:70.modalClosing()  - Если [[ChromeDriver: chrome on windows (8ffdfc579dc0aa92f0591a0c65afb7f1)] -> css selector: .modal-city-selection__closing] отображается, выполнить: 
[INFO ] 2023-09-11 10:36:29,343 PageHomeLeomax:142.catalogButton()  - Клик по элементу
[INFO ] 2023-09-11 10:36:29,409 PageFunction:81.actionClickOrPerform()  - Переход: [[ChromeDriver: chrome on windows (8ffdfc579dc0aa92f0591a0c65afb7f1)] -> css selector: .menu-desktop__col-level-1 li.menu-desktop__item:nth-of-type(5)]
[INFO ] 2023-09-11 10:36:29,642 PageFunction:84.actionClickOrPerform()  - Переход: [[ChromeDriver: chrome on windows (8ffdfc579dc0aa92f0591a0c65afb7f1)] -> xpath: //a[text()='Хобби и аксессуары']]
[INFO ] 2023-09-11 10:36:29,847 PageFunction:88.actionClickOrPerform()  - Переход: [[ChromeDriver: chrome on windows (8ffdfc579dc0aa92f0591a0c65afb7f1)] -> xpath: (//a[text()='Рыбалка и туризм'])[2]]
[INFO ] 2023-09-11 10:36:29,992 PageHomeLeomax:385.fishingAndTourism()  - Клик по элементу
[INFO ] 2023-09-11 10:36:31,354 PageHomeLeomax:132.textCatalog()  - Получаем текст элемента: Рыбалка и туризм
[INFO ] 2023-09-11 10:36:31,369 PageHomeLeomax:132.textCatalog()  - Получаем текст элемента: Рыбалка и туризм
[ERROR] 2023-09-11 10:36:31,377 LeomaxTest:370.stage29_householdGoodsTwo()  - Проверка фактического текста с ожидаемым:  Рыбалка и туризм = Рыбалка и туризм
[INFO ] 2023-09-11 10:36:31,385 PageHomeLeomax:132.textCatalog()  - Получаем текст элемента: Рыбалка и туризм
[INFO ] 2023-09-11 10:36:31,411 PageHomeLeomax:148.headerLogo()  - Клик по элементу
[INFO ] 2023-09-11 10:36:32,224 PageFunction:70.modalClosing()  - Если [[ChromeDriver: chrome on windows (8ffdfc579dc0aa92f0591a0c65afb7f1)] -> css selector: .modal-city-selection__closing] отображается, выполнить: 
[INFO ] 2023-09-11 10:36:32,232 PageHomeLeomax:142.catalogButton()  - Клик по элементу
[INFO ] 2023-09-11 10:36:32,273 PageHomeLeomax:319.catalogMenuWoman()  - Клик по элементу
[INFO ] 2023-09-11 10:36:33,563 PageHomeLeomax:132.textCatalog()  - Получаем текст элемента: Женская одежда
[ERROR] 2023-09-11 10:36:33,571 LeomaxTest:385.stage30_linkNewnessCatalogWomenClothing()  - Проверка фактического текста с ожидаемым:  Женская одежда = Женская одежда
[INFO ] 2023-09-11 10:36:33,578 PageHomeLeomax:132.textCatalog()  - Получаем текст элемента: Женская одежда
[INFO ] 2023-09-11 10:36:33,593 PageWomenClothing:109.linkDiscount()  - Клик по элементу
[INFO ] 2023-09-11 10:36:33,899 PageWomenClothing:104.linkNewness()  - Клик по элементу
[INFO ] 2023-09-11 10:36:34,414 PageHomeLeomax:148.headerLogo()  - Клик по элементу
[INFO ] 2023-09-11 10:36:35,366 PageFunction:70.modalClosing()  - Если [[ChromeDriver: chrome on windows (8ffdfc579dc0aa92f0591a0c65afb7f1)] -> css selector: .modal-city-selection__closing] отображается, выполнить: 
[INFO ] 2023-09-11 10:36:35,378 PageHomeLeomax:142.catalogButton()  - Клик по элементу
[INFO ] 2023-09-11 10:36:35,429 PageHomeLeomax:319.catalogMenuWoman()  - Клик по элементу
[INFO ] 2023-09-11 10:36:36,957 PageHomeLeomax:132.textCatalog()  - Получаем текст элемента: Женская одежда
[ERROR] 2023-09-11 10:36:36,967 LeomaxTest:403.stage31_linkWomenJacketsCatalogWomenClothing()  - Проверка фактического текста с ожидаемым:  Женская одежда = Женская одежда
[INFO ] 2023-09-11 10:36:36,975 PageHomeLeomax:132.textCatalog()  - Получаем текст элемента: Женская одежда
[INFO ] 2023-09-11 10:36:36,983 PageWomenClothing:114.jacketsCatalogWomenClothing()  - Клик по элементу
[INFO ] 2023-09-11 10:36:38,141 PageWomenClothing:119.textCatalogWomenClothing()  - Получаем текст элемента: Куртки женские
[ERROR] 2023-09-11 10:36:38,149 LeomaxTest:407.stage31_linkWomenJacketsCatalogWomenClothing()  - Проверка фактического текста с ожидаемым:  Куртки женские = Куртки женские
[INFO ] 2023-09-11 10:36:38,157 PageWomenClothing:119.textCatalogWomenClothing()  - Получаем текст элемента: Куртки женские
[INFO ] 2023-09-11 10:36:38,175 PageFunction:70.modalClosing()  - Если [[ChromeDriver: chrome on windows (8ffdfc579dc0aa92f0591a0c65afb7f1)] -> css selector: .modal-city-selection__closing] отображается, выполнить: 
[INFO ] 2023-09-11 10:36:38,183 PageHomeLeomax:142.catalogButton()  - Клик по элементу
[INFO ] 2023-09-11 10:36:38,234 PageHomeLeomax:319.catalogMenuWoman()  - Клик по элементу
[INFO ] 2023-09-11 10:36:39,466 PageHomeLeomax:132.textCatalog()  - Получаем текст элемента: Женская одежда
[ERROR] 2023-09-11 10:36:39,761 LeomaxTest:403.stage31_linkWomenJacketsCatalogWomenClothing()  - Проверка фактического текста с ожидаемым:  Женская одежда = Женская одежда
[INFO ] 2023-09-11 10:36:39,793 PageHomeLeomax:132.textCatalog()  - Получаем текст элемента: Женская одежда
[INFO ] 2023-09-11 10:36:39,801 PageWomenClothing:114.jacketsCatalogWomenClothing()  - Клик по элементу
[INFO ] 2023-09-11 10:36:40,897 PageWomenClothing:119.textCatalogWomenClothing()  - Получаем текст элемента: Куртки женские
[ERROR] 2023-09-11 10:36:40,905 LeomaxTest:407.stage31_linkWomenJacketsCatalogWomenClothing()  - Проверка фактического текста с ожидаемым:  Куртки женские = Куртки женские
[INFO ] 2023-09-11 10:36:40,913 PageWomenClothing:119.textCatalogWomenClothing()  - Получаем текст элемента: Куртки женские
[INFO ] 2023-09-11 10:36:40,933 PageFunction:112.actionSliderOffset()  - Cмещение элемента по заданным координатам x,y [[ChromeDriver: chrome on windows (8ffdfc579dc0aa92f0591a0c65afb7f1)] -> css selector: div[id = priceSlider] div.ui-rangeSlider-rightLabel]-1000
[INFO ] 2023-09-11 10:36:41,543 PageWomenClothing:124.clickButtonViewProducts()  - Клик по элементу
[INFO ] 2023-09-11 10:36:41,607 PageFunction:70.modalClosing()  - Если [[ChromeDriver: chrome on windows (8ffdfc579dc0aa92f0591a0c65afb7f1)] -> css selector: .modal-city-selection__closing] отображается, выполнить: 
[INFO ] 2023-09-11 10:36:41,617 PageHomeLeomax:142.catalogButton()  - Клик по элементу
[INFO ] 2023-09-11 10:36:41,646 PageHomeLeomax:319.catalogMenuWoman()  - Клик по элементу
[INFO ] 2023-09-11 10:36:42,838 PageHomeLeomax:132.textCatalog()  - Получаем текст элемента: Женская одежда
[ERROR] 2023-09-11 10:36:42,850 LeomaxTest:403.stage31_linkWomenJacketsCatalogWomenClothing()  - Проверка фактического текста с ожидаемым:  Женская одежда = Женская одежда
[INFO ] 2023-09-11 10:36:42,869 PageHomeLeomax:132.textCatalog()  - Получаем текст элемента: Женская одежда
[INFO ] 2023-09-11 10:36:42,882 PageWomenClothing:114.jacketsCatalogWomenClothing()  - Клик по элементу
[INFO ] 2023-09-11 10:36:44,268 PageWomenClothing:119.textCatalogWomenClothing()  - Получаем текст элемента: Куртки женские
[ERROR] 2023-09-11 10:36:44,275 LeomaxTest:407.stage31_linkWomenJacketsCatalogWomenClothing()  - Проверка фактического текста с ожидаемым:  Куртки женские = Куртки женские
[INFO ] 2023-09-11 10:36:44,283 PageWomenClothing:119.textCatalogWomenClothing()  - Получаем текст элемента: Куртки женские
[INFO ] 2023-09-11 10:36:44,319 PageFunction:112.actionSliderOffset()  - Cмещение элемента по заданным координатам x,y [[ChromeDriver: chrome on windows (8ffdfc579dc0aa92f0591a0c65afb7f1)] -> css selector: div[id = priceSlider] div.ui-rangeSlider-leftLabel]800
[INFO ] 2023-09-11 10:36:44,863 PageWomenClothing:124.clickButtonViewProducts()  - Клик по элементу
[INFO ] 2023-09-11 10:36:44,920 PageFunction:70.modalClosing()  - Если [[ChromeDriver: chrome on windows (8ffdfc579dc0aa92f0591a0c65afb7f1)] -> css selector: .modal-city-selection__closing] отображается, выполнить: 
[INFO ] 2023-09-11 10:36:44,930 PageHomeLeomax:142.catalogButton()  - Клик по элементу
[INFO ] 2023-09-11 10:36:44,963 PageHomeLeomax:319.catalogMenuWoman()  - Клик по элементу
[INFO ] 2023-09-11 10:36:46,240 PageHomeLeomax:132.textCatalog()  - Получаем текст элемента: Женская одежда
[ERROR] 2023-09-11 10:36:46,247 LeomaxTest:403.stage31_linkWomenJacketsCatalogWomenClothing()  - Проверка фактического текста с ожидаемым:  Женская одежда = Женская одежда
[INFO ] 2023-09-11 10:36:46,256 PageHomeLeomax:132.textCatalog()  - Получаем текст элемента: Женская одежда
[INFO ] 2023-09-11 10:36:46,284 PageWomenClothing:114.jacketsCatalogWomenClothing()  - Клик по элементу
[INFO ] 2023-09-11 10:36:47,541 PageWomenClothing:119.textCatalogWomenClothing()  - Получаем текст элемента: Куртки женские
[ERROR] 2023-09-11 10:36:47,547 LeomaxTest:407.stage31_linkWomenJacketsCatalogWomenClothing()  - Проверка фактического текста с ожидаемым:  Куртки женские = Куртки женские
[INFO ] 2023-09-11 10:36:47,555 PageWomenClothing:119.textCatalogWomenClothing()  - Получаем текст элемента: Куртки женские
[INFO ] 2023-09-11 10:36:47,568 PageFunction:112.actionSliderOffset()  - Cмещение элемента по заданным координатам x,y [[ChromeDriver: chrome on windows (8ffdfc579dc0aa92f0591a0c65afb7f1)] -> css selector: div[id = priceSlider] div.ui-rangeSlider-leftLabel]100
[INFO ] 2023-09-11 10:36:49,109 PageFunction:119.actionSliderOffset()  - Cмещение элемента по заданным координатам x,y работая с двумя элементами: [[ChromeDriver: chrome on windows (8ffdfc579dc0aa92f0591a0c65afb7f1)] -> css selector: div[id = discountSlider] div.ui-rangeSlider-leftLabel] 10 0 и [[ChromeDriver: chrome on windows (8ffdfc579dc0aa92f0591a0c65afb7f1)] -> css selector: div[id = discountSlider] div.ui-rangeSlider-rightLabel] -80 0
[INFO ] 2023-09-11 10:36:50,112 PageWomenClothing:129.buttonFiltersDemonstrate()  - Клик по элементу
[INFO ] 2023-09-11 10:36:53,204 PageWomenClothing:134.textFiltersSearch()  - Получаем текст элемента: Найдено 0 товаров
[ERROR] 2023-09-11 10:36:53,217 LeomaxTest:451.stage34_fullFilterOfTheProductCatalogWomen()  - Проверка фактического текста с ожидаемым:  Найдено 0 товаров = Найдено 0 товаров
[INFO ] 2023-09-11 10:36:53,229 PageWomenClothing:134.textFiltersSearch()  - Получаем текст элемента: Найдено 0 товаров
[INFO ] 2023-09-11 10:36:53,250 PageFunction:70.modalClosing()  - Если [[ChromeDriver: chrome on windows (8ffdfc579dc0aa92f0591a0c65afb7f1)] -> css selector: .modal-city-selection__closing] отображается, выполнить: 
[INFO ] 2023-09-11 10:36:53,259 PageHomeLeomax:142.catalogButton()  - Клик по элементу
[INFO ] 2023-09-11 10:36:53,296 PageHomeLeomax:319.catalogMenuWoman()  - Клик по элементу
[INFO ] 2023-09-11 10:36:54,533 PageFunction:81.actionClickOrPerform()  - Переход: [[ChromeDriver: chrome on windows (8ffdfc579dc0aa92f0591a0c65afb7f1)] -> css selector: div.good-item:nth-of-type(1) figure.good_hovered]
[INFO ] 2023-09-11 10:36:54,668 PageWomenClothing:139.buttonBasketCatalog()  - Клик по элементу
[INFO ] 2023-09-11 10:36:54,883 PageFunction:70.modalClosing()  - Если [[ChromeDriver: chrome on windows (8ffdfc579dc0aa92f0591a0c65afb7f1)] -> css selector: .modal-city-selection__closing] отображается, выполнить: 
[INFO ] 2023-09-11 10:36:54,897 PageHomeLeomax:142.catalogButton()  - Клик по элементу
[INFO ] 2023-09-11 10:36:54,932 PageHomeLeomax:319.catalogMenuWoman()  - Клик по элементу
[INFO ] 2023-09-11 10:36:56,344 PageFunction:81.actionClickOrPerform()  - Переход: [[ChromeDriver: chrome on windows (8ffdfc579dc0aa92f0591a0c65afb7f1)] -> css selector: div.good-item:nth-of-type(1) figure.good_hovered]
[INFO ] 2023-09-11 10:36:56,533 PageWomenClothing:139.buttonBasketCatalog()  - Клик по элементу
[INFO ] 2023-09-11 10:36:56,661 PageHomeLeomax:142.catalogButton()  - Клик по элементу
[INFO ] 2023-09-11 10:36:56,750 PageHomeLeomax:319.catalogMenuWoman()  - Клик по элементу
[INFO ] 2023-09-11 10:36:59,032 PageFunction:81.actionClickOrPerform()  - Переход: [[ChromeDriver: chrome on windows (8ffdfc579dc0aa92f0591a0c65afb7f1)] -> css selector: div.good-item:nth-of-type(1) figure.good_hovered]
[INFO ] 2023-09-11 10:36:59,168 PageWomenClothing:139.buttonBasketCatalog()  - Клик по элементу
[INFO ] 2023-09-11 10:36:59,436 PageWebDriver:59.tearDown()  - Сделать скриншот при упавшем тесте 
[INFO ] 2023-09-11 10:36:59,648 PageWebDriver:61.tearDown()  - Выходим из драйвера
